<?xml version="1.0" encoding="UTF-8"?>
<testsuite xmlns:xsi="http://www.w3.org/2001/XMLSchema-instance" xsi:noNamespaceSchemaLocation="https://maven.apache.org/surefire/maven-surefire-plugin/xsd/surefire-test-report.xsd" version="3.0.2" name="com.hotel.commons.CommonsApplicationTests" time="5.475" tests="1" errors="0" skipped="0" failures="0" flakes="0">
  <properties>
[...]
</properties>
  <testcase name="contextLoads" classname="com.hotel.commons.CommonsApplicationTests" time="1.416">
    <system-out><![CDATA[18:16:05.761 [main] INFO org.springframework.test.context.support.AnnotationConfigContextLoaderUtils -- Could not detect default configuration classes for test class [com.hotel.commons.CommonsApplicationTests]: CommonsApplicationTests does not declare any static, non-private, non-final, nested classes annotated with @Configuration.
18:16:05.970 [main] INFO org.springframework.boot.test.context.SpringBootTestContextBootstrapper -- Found @SpringBootConfiguration com.hotel.commons.CommonsApplication for test class com.hotel.commons.CommonsApplicationTests

  .   ____          _            __ _ _
 /\\ / ___'_ __ _ _(_)_ __  __ _ \ \ \ \
( ( )\___ | '_ | '_| | '_ \/ _` | \ \ \ \
 \\/  ___)| |_)| | | | | || (_| |  ) ) ) )
  '  |____| .__|_| |_|_| |_\__, | / / / /
 =========|_|==============|___/=/_/_/_/

 :: Spring Boot ::               (v3.5.15)

2026-06-22T18:16:07.056-06:00  INFO 8308 --- [commons] [           main] c.hotel.commons.CommonsApplicationTests  : Starting CommonsApplicationTests using Java 21.0.10 with PID 8308 (started by Thinkpad in C:\Users\Thinkpad\Documents\reservas-hoteleras\commons)
2026-06-22T18:16:07.058-06:00  INFO 8308 --- [commons] [           main] c.hotel.commons.CommonsApplicationTests  : No active profile set, falling back to 1 default profile: "default"
2026-06-22T18:16:08.316-06:00  INFO 8308 --- [commons] [           main] o.s.cloud.context.scope.GenericScope     : BeanFactory id=2f309f0c-67a6-33e5-9504-3355e2c84d00
2026-06-22T18:16:09.522-06:00  INFO 8308 --- [commons] [           main] c.hotel.commons.CommonsApplicationTests  : Started CommonsApplicationTests in 2.988 seconds (process running for 4.943)
]]></system-out>
    <system-err><![CDATA[Mockito is currently self-attaching to enable the inline-mock-maker. This will no longer work in future releases of the JDK. Please add Mockito as an agent to your build as described in Mockito's documentation: https://javadoc.io/doc/org.mockito/mockito-core/latest/org.mockito/org/mockito/Mockito.html#0.3
WARNING: A Java agent has been loaded dynamically (C:\Users\Thinkpad\.m2\repository\net\bytebuddy\byte-buddy-agent\1.17.8\byte-buddy-agent-1.17.8.jar)
WARNING: If a serviceability tool is in use, please run with -XX:+EnableDynamicAgentLoading to hide this warning
WARNING: If a serviceability tool is not in use, please run with -Djdk.instrument.traceUsage for more information
WARNING: Dynamic loading of agents will be disallowed by default in a future release
]]></system-err>
  </testcase>
</testsuite>